<?xml version="1.0" encoding="UTF-8"?>
<testsuite name="com.pandera.challenge.service.TestCaesarCipherStrategy" tests="2" skipped="0" failures="0" errors="0" timestamp="2019-12-05T02:58:06" hostname="MCO-5285375-L1" time="0.001">
  <properties/>
  <testcase name="testEncipher" classname="com.pandera.challenge.service.TestCaesarCipherStrategy" time="0.001"/>
  <testcase name="testDecipher" classname="com.pandera.challenge.service.TestCaesarCipherStrategy" time="0.0"/>
  <system-out><![CDATA[]]></system-out>
  <system-err><![CDATA[]]></system-err>
</testsuite>
